<?xml version="1.0" encoding="UTF-8"?>
<!-- Generated by org.testng.reporters.JUnitReportReporter -->
<testsuite hostname="LAPTOP-JI7J3S6F" name="service.TeacherServiceTest" tests="3" failures="0" timestamp="15 Jan 2018 06:55:52 GMT" time="0.355" errors="0">
  <testcase name="updateMyInfoTest" time="0.016" classname="service.TeacherServiceTest"/>
  <testcase name="getTeacherMes" time="0.009" classname="service.TeacherServiceTest"/>
  <testcase name="getTeacher" time="0.330" classname="service.TeacherServiceTest"/>
</testsuite> <!-- service.TeacherServiceTest -->
