<?xml version="1.0" encoding="UTF-8" ?>
<testsuite tests="3" failures="0" name="TestSuite" time="1.786" errors="0" skipped="0">
  <properties>
    <property name="idea.version" value="2017.3.2"/>
    <property name="java.runtime.name" value="Java(TM) SE Runtime Environment"/>
    <property name="sun.boot.library.path" value="E:\jdk1.8\jre\bin"/>
    <property name="java.vm.version" value="25.151-b12"/>
    <property name="java.vm.vendor" value="Oracle Corporation"/>
    <property name="java.vendor.url" value="http://java.oracle.com/"/>
    <property name="path.separator" value=";"/>
    <property name="java.vm.name" value="Java HotSpot(TM) 64-Bit Server VM"/>
    <property name="file.encoding.pkg" value="sun.io"/>
    <property name="user.script" value=""/>
    <property name="user.country" value="CN"/>
    <property name="sun.java.launcher" value="SUN_STANDARD"/>
    <property name="sun.os.patch.level" value=""/>
    <property name="java.vm.specification.name" value="Java Virtual Machine Specification"/>
    <property name="user.dir" value="E:\Idea源码\WebOffice"/>
    <property name="java.runtime.version" value="1.8.0_151-b12"/>
    <property name="java.awt.graphicsenv" value="sun.awt.Win32GraphicsEnvironment"/>
    <property name="basedir" value="E:\Idea源码\WebOffice"/>
    <property name="java.endorsed.dirs" value="E:\jdk1.8\jre\lib\endorsed"/>
    <property name="os.arch" value="amd64"/>
    <property name="surefire.real.class.path" value="E:\Idea源码\WebOffice\target\surefire\surefirebooter4397845060505222819.jar"/>
    <property name="java.io.tmpdir" value="C:\Users\LIXIAO~1\AppData\Local\Temp\"/>
    <property name="line.separator" value="
"/>
    <property name="java.vm.specification.vendor" value="Oracle Corporation"/>
    <property name="user.variant" value=""/>
    <property name="os.name" value="Windows 10"/>
    <property name="sun.jnu.encoding" value="GBK"/>
    <property name="java.library.path" value="E:\jdk1.8\jre\bin;C:\Windows\Sun\Java\bin;C:\Windows\system32;C:\Windows;C:\ProgramData\Oracle\Java\javapath;E:\app\LiXiaobin\product\11.2.0\dbhome_1\bin;C:\Program Files (x86)\Intel\iCLS Client\;C:\Program Files\Intel\iCLS Client\;C:\Windows\system32;C:\Windows;C:\Windows\System32\Wbem;C:\Windows\System32\WindowsPowerShell\v1.0\;C:\Program Files (x86)\NVIDIA Corporation\PhysX\Common;C:\Program Files (x86)\Intel\Intel(R) Management Engine Components\DAL;C:\Program Files\Intel\Intel(R) Management Engine Components\DAL;C:\Program Files (x86)\Intel\Intel(R) Management Engine Components\IPT;C:\Program Files\Intel\Intel(R) Management Engine Components\IPT;E:\jdk1.8\bin;E:\jre\bin;E:\Maven\apache-maven-3.5.2\bin;C:\Program Files\MySQL\MySQL Utilities 1.6\;C:\Program Files (x86)\Microsoft SQL Server\90\Tools\binn\;E:\app\LiXiaobin\product\11.2.0\dbhome_1\bin;E:\app\LiXiaobin\product\11.2.0\dbhome_1\jre\1.5.0\bin\client;E:\app\LiXiaobin\product\11.2.0\dbhome_1\jre\1.5.0\bin;C:\Windows\system32;C:\Windows;C:\Windows\System32\Wbem;E:\app\LiXiaobin\product\instantclient_11_2;E:\项目\KAMM\kcbp_64\bin;C:\Users\LiXiaobin\AppData\Local\Microsoft\WindowsApps;;."/>
    <property name="surefire.test.class.path" value="E:\Idea源码\WebOffice\target\test-classes;E:\Idea源码\WebOffice\target\classes;E:\maven_repository\org\mybatis\mybatis\3.4.0\mybatis-3.4.0.jar;E:\maven_repository\org\mybatis\mybatis-spring\1.3.0\mybatis-spring-1.3.0.jar;E:\maven_repository\org\springframework\spring-beans\4.2.2.RELEASE\spring-beans-4.2.2.RELEASE.jar;E:\maven_repository\org\springframework\spring-core\4.2.2.RELEASE\spring-core-4.2.2.RELEASE.jar;E:\maven_repository\org\springframework\spring-context\4.2.2.RELEASE\spring-context-4.2.2.RELEASE.jar;E:\maven_repository\org\springframework\spring-aop\4.2.2.RELEASE\spring-aop-4.2.2.RELEASE.jar;E:\maven_repository\aopalliance\aopalliance\1.0\aopalliance-1.0.jar;E:\maven_repository\org\springframework\spring-expression\4.2.2.RELEASE\spring-expression-4.2.2.RELEASE.jar;E:\maven_repository\org\springframework\spring-context-support\4.2.2.RELEASE\spring-context-support-4.2.2.RELEASE.jar;E:\maven_repository\org\springframework\spring-jdbc\4.2.2.RELEASE\spring-jdbc-4.2.2.RELEASE.jar;E:\maven_repository\org\springframework\spring-tx\4.2.2.RELEASE\spring-tx-4.2.2.RELEASE.jar;E:\maven_repository\org\springframework\spring-webmvc\4.2.2.RELEASE\spring-webmvc-4.2.2.RELEASE.jar;E:\maven_repository\org\springframework\spring-web\4.2.2.RELEASE\spring-web-4.2.2.RELEASE.jar;E:\maven_repository\commons-dbcp\commons-dbcp\1.4\commons-dbcp-1.4.jar;E:\maven_repository\commons-pool\commons-pool\1.5.4\commons-pool-1.5.4.jar;E:\maven_repository\mysql\mysql-connector-java\5.1.29\mysql-connector-java-5.1.29.jar;E:\maven_repository\javax\servlet\servlet-api\3.0-alpha-1\servlet-api-3.0-alpha-1.jar;E:\maven_repository\javax\servlet\jstl\1.2\jstl-1.2.jar;E:\maven_repository\org\aspectj\aspectjweaver\1.8.1\aspectjweaver-1.8.1.jar;E:\maven_repository\org\testng\testng\6.8.7\testng-6.8.7.jar;E:\maven_repository\junit\junit\4.10\junit-4.10.jar;E:\maven_repository\org\hamcrest\hamcrest-core\1.1\hamcrest-core-1.1.jar;E:\maven_repository\org\beanshell\bsh\2.0b4\bsh-2.0b4.jar;E:\maven_repository\com\beust\jcommander\1.27\jcommander-1.27.jar;E:\maven_repository\org\yaml\snakeyaml\1.12\snakeyaml-1.12.jar;E:\maven_repository\org\springframework\spring-test\4.2.2.RELEASE\spring-test-4.2.2.RELEASE.jar;E:\maven_repository\net\sf\json-lib\json-lib\2.4\json-lib-2.4-jdk15.jar;E:\maven_repository\commons-beanutils\commons-beanutils\1.8.0\commons-beanutils-1.8.0.jar;E:\maven_repository\commons-collections\commons-collections\3.2.1\commons-collections-3.2.1.jar;E:\maven_repository\commons-lang\commons-lang\2.5\commons-lang-2.5.jar;E:\maven_repository\commons-logging\commons-logging\1.1.1\commons-logging-1.1.1.jar;E:\maven_repository\net\sf\ezmorph\ezmorph\1.0.6\ezmorph-1.0.6.jar;"/>
    <property name="java.specification.name" value="Java Platform API Specification"/>
    <property name="java.class.version" value="52.0"/>
    <property name="sun.management.compiler" value="HotSpot 64-Bit Tiered Compilers"/>
    <property name="os.version" value="10.0"/>
    <property name="user.home" value="C:\Users\LiXiaobin"/>
    <property name="user.timezone" value="Asia/Shanghai"/>
    <property name="java.awt.printerjob" value="sun.awt.windows.WPrinterJob"/>
    <property name="java.specification.version" value="1.8"/>
    <property name="file.encoding" value="UTF-8"/>
    <property name="user.name" value="LiXiaobin"/>
    <property name="java.class.path" value="E:\Idea源码\WebOffice\target\test-classes;E:\Idea源码\WebOffice\target\classes;E:\maven_repository\org\mybatis\mybatis\3.4.0\mybatis-3.4.0.jar;E:\maven_repository\org\mybatis\mybatis-spring\1.3.0\mybatis-spring-1.3.0.jar;E:\maven_repository\org\springframework\spring-beans\4.2.2.RELEASE\spring-beans-4.2.2.RELEASE.jar;E:\maven_repository\org\springframework\spring-core\4.2.2.RELEASE\spring-core-4.2.2.RELEASE.jar;E:\maven_repository\org\springframework\spring-context\4.2.2.RELEASE\spring-context-4.2.2.RELEASE.jar;E:\maven_repository\org\springframework\spring-aop\4.2.2.RELEASE\spring-aop-4.2.2.RELEASE.jar;E:\maven_repository\aopalliance\aopalliance\1.0\aopalliance-1.0.jar;E:\maven_repository\org\springframework\spring-expression\4.2.2.RELEASE\spring-expression-4.2.2.RELEASE.jar;E:\maven_repository\org\springframework\spring-context-support\4.2.2.RELEASE\spring-context-support-4.2.2.RELEASE.jar;E:\maven_repository\org\springframework\spring-jdbc\4.2.2.RELEASE\spring-jdbc-4.2.2.RELEASE.jar;E:\maven_repository\org\springframework\spring-tx\4.2.2.RELEASE\spring-tx-4.2.2.RELEASE.jar;E:\maven_repository\org\springframework\spring-webmvc\4.2.2.RELEASE\spring-webmvc-4.2.2.RELEASE.jar;E:\maven_repository\org\springframework\spring-web\4.2.2.RELEASE\spring-web-4.2.2.RELEASE.jar;E:\maven_repository\commons-dbcp\commons-dbcp\1.4\commons-dbcp-1.4.jar;E:\maven_repository\commons-pool\commons-pool\1.5.4\commons-pool-1.5.4.jar;E:\maven_repository\mysql\mysql-connector-java\5.1.29\mysql-connector-java-5.1.29.jar;E:\maven_repository\javax\servlet\servlet-api\3.0-alpha-1\servlet-api-3.0-alpha-1.jar;E:\maven_repository\javax\servlet\jstl\1.2\jstl-1.2.jar;E:\maven_repository\org\aspectj\aspectjweaver\1.8.1\aspectjweaver-1.8.1.jar;E:\maven_repository\org\testng\testng\6.8.7\testng-6.8.7.jar;E:\maven_repository\junit\junit\4.10\junit-4.10.jar;E:\maven_repository\org\hamcrest\hamcrest-core\1.1\hamcrest-core-1.1.jar;E:\maven_repository\org\beanshell\bsh\2.0b4\bsh-2.0b4.jar;E:\maven_repository\com\beust\jcommander\1.27\jcommander-1.27.jar;E:\maven_repository\org\yaml\snakeyaml\1.12\snakeyaml-1.12.jar;E:\maven_repository\org\springframework\spring-test\4.2.2.RELEASE\spring-test-4.2.2.RELEASE.jar;E:\maven_repository\net\sf\json-lib\json-lib\2.4\json-lib-2.4-jdk15.jar;E:\maven_repository\commons-beanutils\commons-beanutils\1.8.0\commons-beanutils-1.8.0.jar;E:\maven_repository\commons-collections\commons-collections\3.2.1\commons-collections-3.2.1.jar;E:\maven_repository\commons-lang\commons-lang\2.5\commons-lang-2.5.jar;E:\maven_repository\commons-logging\commons-logging\1.1.1\commons-logging-1.1.1.jar;E:\maven_repository\net\sf\ezmorph\ezmorph\1.0.6\ezmorph-1.0.6.jar;"/>
    <property name="java.vm.specification.version" value="1.8"/>
    <property name="sun.arch.data.model" value="64"/>
    <property name="java.home" value="E:\jdk1.8\jre"/>
    <property name="sun.java.command" value="E:\Idea源码\WebOffice\target\surefire\surefirebooter4397845060505222819.jar E:\Idea源码\WebOffice\target\surefire\surefire4563497654747106666tmp E:\Idea源码\WebOffice\target\surefire\surefire4640834092568851042tmp"/>
    <property name="java.specification.vendor" value="Oracle Corporation"/>
    <property name="user.language" value="zh"/>
    <property name="awt.toolkit" value="sun.awt.windows.WToolkit"/>
    <property name="java.vm.info" value="mixed mode"/>
    <property name="java.version" value="1.8.0_151"/>
    <property name="java.ext.dirs" value="E:\jdk1.8\jre\lib\ext;C:\Windows\Sun\Java\lib\ext"/>
    <property name="sun.boot.class.path" value="E:\jdk1.8\jre\lib\resources.jar;E:\jdk1.8\jre\lib\rt.jar;E:\jdk1.8\jre\lib\sunrsasign.jar;E:\jdk1.8\jre\lib\jsse.jar;E:\jdk1.8\jre\lib\jce.jar;E:\jdk1.8\jre\lib\charsets.jar;E:\jdk1.8\jre\lib\jfr.jar;E:\jdk1.8\jre\classes"/>
    <property name="java.vendor" value="Oracle Corporation"/>
    <property name="localRepository" value="E:\maven_repository"/>
    <property name="file.separator" value="\"/>
    <property name="java.vendor.url.bug" value="http://bugreport.sun.com/bugreport/"/>
    <property name="sun.cpu.endian" value="little"/>
    <property name="sun.io.unicode.encoding" value="UnicodeLittle"/>
    <property name="sun.desktop" value="windows"/>
    <property name="sun.cpu.isalist" value="amd64"/>
  </properties>
  <testcase classname="service.TeacherServiceTest" name="getTeacher" time="0.038"/>
  <testcase classname="service.TeacherServiceTest" name="getTeacherMes" time="0.005"/>
  <testcase classname="service.TeacherServiceTest" name="updateMyInfoTest" time="0.009"/>
</testsuite>